Release 14.7 - xst P.20131013 (nt64)
Copyright (c) 1995-2013 Xilinx, Inc.  All rights reserved.
--> Parameter TMPDIR set to xst/projnav.tmp


Total REAL time to Xst completion: 0.00 secs
Total CPU time to Xst completion: 0.08 secs
 
--> Parameter xsthdpdir set to xst


Total REAL time to Xst completion: 0.00 secs
Total CPU time to Xst completion: 0.08 secs
 
--> Reading design: main.prj

TABLE OF CONTENTS
  1) Synthesis Options Summary
  2) HDL Compilation
  3) Design Hierarchy Analysis
  4) HDL Analysis
  5) HDL Synthesis
     5.1) HDL Synthesis Report
  6) Advanced HDL Synthesis
     6.1) Advanced HDL Synthesis Report
  7) Low Level Synthesis
  8) Partition Report
  9) Final Report
	9.1) Device utilization summary
	9.2) Partition Resource Summary
	9.3) TIMING REPORT


=========================================================================
*                      Synthesis Options Summary                        *
=========================================================================
---- Source Parameters
Input File Name                    : "main.prj"
Input Format                       : mixed
Ignore Synthesis Constraint File   : NO

---- Target Parameters
Output File Name                   : "main"
Output Format                      : NGC
Target Device                      : xc3s100e-5-cp132

---- Source Options
Top Module Name                    : main
Automatic FSM Extraction           : YES
FSM Encoding Algorithm             : Auto
Safe Implementation                : No
FSM Style                          : LUT
RAM Extraction                     : Yes
RAM Style                          : Auto
ROM Extraction                     : Yes
Mux Style                          : Auto
Decoder Extraction                 : YES
Priority Encoder Extraction        : Yes
Shift Register Extraction          : YES
Logical Shifter Extraction         : YES
XOR Collapsing                     : YES
ROM Style                          : Auto
Mux Extraction                     : Yes
Resource Sharing                   : YES
Asynchronous To Synchronous        : NO
Multiplier Style                   : Auto
Automatic Register Balancing       : No

---- Target Options
Add IO Buffers                     : YES
Global Maximum Fanout              : 100000
Add Generic Clock Buffer(BUFG)     : 24
Register Duplication               : YES
Slice Packing                      : YES
Optimize Instantiated Primitives   : NO
Use Clock Enable                   : Yes
Use Synchronous Set                : Yes
Use Synchronous Reset              : Yes
Pack IO Registers into IOBs        : Auto
Equivalent register Removal        : YES

---- General Options
Optimization Goal                  : Speed
Optimization Effort                : 1
Keep Hierarchy                     : No
Netlist Hierarchy                  : As_Optimized
RTL Output                         : Yes
Global Optimization                : AllClockNets
Read Cores                         : YES
Write Timing Constraints           : NO
Cross Clock Analysis               : NO
Hierarchy Separator                : /
Bus Delimiter                      : <>
Case Specifier                     : Maintain
Slice Utilization Ratio            : 100
BRAM Utilization Ratio             : 100
Verilog 2001                       : YES
Auto BRAM Packing                  : NO
Slice Utilization Ratio Delta      : 5

=========================================================================


=========================================================================
*                          HDL Compilation                              *
=========================================================================
Compiling verilog file "btn_clk_divider.v" in library work
Compiling verilog file "seven_seg.v" in library work
Module <btn_clk_divider> compiled
Compiling verilog file "servo_pwm.v" in library work
Module <seven_seg> compiled
Compiling verilog file "debouncer.v" in library work
Module <servo_pwm> compiled
Compiling verilog file "contador_8bits.v" in library work
Module <debouncer> compiled
Compiling verilog file "btn_controller.v" in library work
Module <contador_8bits> compiled
Compiling verilog file "bcd.v" in library work
Module <btn_controller> compiled
Compiling verilog file "SevenSeg.v" in library work
Module <bcd> compiled
Compiling verilog file "servo_controller.v" in library work
Module <SevenSeg> compiled
Compiling verilog file "debouncers.v" in library work
Module <servo_controller> compiled
Compiling verilog file "main.v" in library work
Module <debouncers> compiled
Module <main> compiled
No errors in compilation
Analysis of file <"main.prj"> succeeded.
 

=========================================================================
*                     Design Hierarchy Analysis                         *
=========================================================================
Analyzing hierarchy for module <main> in library <work>.

Analyzing hierarchy for module <SevenSeg> in library <work>.

Analyzing hierarchy for module <debouncers> in library <work>.

Analyzing hierarchy for module <servo_controller> in library <work> with parameters.
	uno = "00000000000000000000000000000001"

Analyzing hierarchy for module <bcd> in library <work>.

Analyzing hierarchy for module <seven_seg> in library <work>.

Analyzing hierarchy for module <debouncer> in library <work>.

Analyzing hierarchy for module <btn_controller> in library <work>.

Analyzing hierarchy for module <contador_8bits> in library <work>.

Analyzing hierarchy for module <servo_pwm> in library <work> with parameters.
	ClkDiv = "00000000000000000000000011000011"
	init = "000010010110"

Analyzing hierarchy for module <btn_clk_divider> in library <work> with parameters.
	cfinal = "00000000000001011111010111100001"


=========================================================================
*                            HDL Analysis                               *
=========================================================================
Analyzing top module <main>.
Module <main> is correct for synthesis.
 
Analyzing module <SevenSeg> in library <work>.
Module <SevenSeg> is correct for synthesis.
 
Analyzing module <bcd> in library <work>.
Module <bcd> is correct for synthesis.
 
Analyzing module <seven_seg> in library <work>.
Module <seven_seg> is correct for synthesis.
 
Analyzing module <debouncers> in library <work>.
Module <debouncers> is correct for synthesis.
 
Analyzing module <debouncer> in library <work>.
Module <debouncer> is correct for synthesis.
 
Analyzing module <servo_controller> in library <work>.
	uno = 32'sb00000000000000000000000000000001
Module <servo_controller> is correct for synthesis.
 
Analyzing module <btn_controller> in library <work>.
Module <btn_controller> is correct for synthesis.
 
Analyzing module <contador_8bits> in library <work>.
Module <contador_8bits> is correct for synthesis.
 
Analyzing module <servo_pwm> in library <work>.
	ClkDiv = 32'sb00000000000000000000000011000011
	init = 12'b000010010110
Module <servo_pwm> is correct for synthesis.
 
Analyzing module <btn_clk_divider> in library <work>.
	cfinal = 32'sb00000000000001011111010111100001
Module <btn_clk_divider> is correct for synthesis.
 

=========================================================================
*                           HDL Synthesis                               *
=========================================================================

Performing bidirectional port resolution...

Synthesizing Unit <bcd>.
    Related source file is "bcd.v".
WARNING:Xst:646 - Signal <memreg> is assigned but never used. This unconnected signal will be trimmed during the optimization process.
    Found 4-bit adder for signal <$add0000> created at line 45.
    Found 4-bit adder for signal <$add0001> created at line 45.
    Found 4-bit adder for signal <$add0002> created at line 45.
    Found 4-bit adder for signal <$add0003> created at line 41.
    Found 4-bit adder for signal <$add0004> created at line 45.
    Found 4-bit adder for signal <$add0005> created at line 41.
    Found 4-bit adder for signal <$add0006> created at line 45.
    Found 4-bit adder for signal <$add0007> created at line 41.
    Found 4-bit adder for signal <$add0008> created at line 45.
    Found 4-bit adder for signal <$add0009> created at line 37.
    Found 4-bit adder for signal <$add0010> created at line 41.
    Found 4-bit adder for signal <$add0011> created at line 45.
    Found 4-bit adder for signal <$add0012> created at line 37.
    Found 4-bit adder for signal <$add0013> created at line 41.
    Found 4-bit adder for signal <$add0014> created at line 45.
    Found 4-bit adder for signal <$add0015> created at line 37.
    Found 4-bit adder for signal <$add0016> created at line 41.
    Found 4-bit adder for signal <$add0017> created at line 45.
    Found 4-bit adder for signal <$add0018> created at line 33.
    Found 4-bit adder for signal <$add0019> created at line 37.
    Found 4-bit adder for signal <$add0020> created at line 41.
    Found 4-bit adder for signal <$add0021> created at line 45.
    Found 4-bit adder for signal <$add0022> created at line 33.
    Found 4-bit adder for signal <$add0023> created at line 37.
    Found 4-bit adder for signal <$add0024> created at line 41.
    Found 4-bit adder for signal <$add0025> created at line 45.
    Found 4-bit comparator greater for signal <memreg$cmp_gt0000> created at line 44.
    Found 4-bit comparator greater for signal <memreg$cmp_gt0001> created at line 44.
    Found 4-bit comparator greater for signal <memreg$cmp_gt0002> created at line 44.
    Found 4-bit comparator greater for signal <memreg$cmp_gt0003> created at line 40.
    Found 4-bit comparator greater for signal <memreg$cmp_gt0004> created at line 44.
    Found 4-bit comparator greater for signal <memreg$cmp_gt0005> created at line 40.
    Found 4-bit comparator greater for signal <memreg$cmp_gt0006> created at line 44.
    Found 4-bit comparator greater for signal <memreg$cmp_gt0007> created at line 40.
    Found 4-bit comparator greater for signal <memreg$cmp_gt0008> created at line 44.
    Found 4-bit comparator greater for signal <memreg$cmp_gt0009> created at line 36.
    Found 4-bit comparator greater for signal <memreg$cmp_gt0010> created at line 40.
    Found 4-bit comparator greater for signal <memreg$cmp_gt0011> created at line 44.
    Found 4-bit comparator greater for signal <memreg$cmp_gt0012> created at line 36.
    Found 4-bit comparator greater for signal <memreg$cmp_gt0013> created at line 40.
    Found 4-bit comparator greater for signal <memreg$cmp_gt0014> created at line 44.
    Found 4-bit comparator greater for signal <memreg$cmp_gt0015> created at line 36.
    Found 4-bit comparator greater for signal <memreg$cmp_gt0016> created at line 40.
    Found 4-bit comparator greater for signal <memreg$cmp_gt0017> created at line 44.
    Found 4-bit comparator greater for signal <memreg$cmp_gt0018> created at line 32.
    Found 4-bit comparator greater for signal <memreg$cmp_gt0019> created at line 36.
    Found 4-bit comparator greater for signal <memreg$cmp_gt0020> created at line 40.
    Found 4-bit comparator greater for signal <memreg$cmp_gt0021> created at line 44.
    Found 4-bit comparator greater for signal <memreg$cmp_gt0022> created at line 32.
    Found 4-bit comparator greater for signal <memreg$cmp_gt0023> created at line 36.
    Found 4-bit comparator greater for signal <memreg$cmp_gt0024> created at line 40.
    Found 4-bit comparator greater for signal <memreg$cmp_gt0025> created at line 44.
    Summary:
	inferred  26 Adder/Subtractor(s).
	inferred  26 Comparator(s).
Unit <bcd> synthesized.


Synthesizing Unit <seven_seg>.
    Related source file is "seven_seg.v".
    Found 16x8-bit ROM for signal <seg$mux0001>.
    Found 8-bit register for signal <seg>.
    Found 4-bit register for signal <an_temp>.
    Found 16-bit comparator greatequal for signal <an_temp$cmp_ge0000> created at line 29.
    Found 16-bit up counter for signal <disp_ctr>.
    Found 16-bit comparator lessequal for signal <old_sseg_2$cmp_le0000> created at line 32.
    Found 16-bit comparator lessequal for signal <old_sseg_2$cmp_le0001> created at line 35.
    Found 16-bit comparator lessequal for signal <old_sseg_2$cmp_le0002> created at line 38.
    Found 7-bit register for signal <sseg>.
    Summary:
	inferred   1 ROM(s).
	inferred   1 Counter(s).
	inferred  19 D-type flip-flop(s).
	inferred   1 Adder/Subtractor(s).
	inferred   4 Comparator(s).
Unit <seven_seg> synthesized.


Synthesizing Unit <debouncer>.
    Related source file is "debouncer.v".
    Found 1-bit register for signal <PB_state>.
    Found 16-bit up counter for signal <PB_cnt>.
    Found 1-bit xor2 for signal <PB_cnt$xor0000> created at line 33.
    Found 1-bit register for signal <PB_sync_0>.
    Found 1-bit register for signal <PB_sync_1>.
    Summary:
	inferred   1 Counter(s).
	inferred   3 D-type flip-flop(s).
Unit <debouncer> synthesized.


Synthesizing Unit <contador_8bits>.
    Related source file is "contador_8bits.v".
    Found 8-bit updown counter for signal <pos>.
    Found 8-bit comparator greater for signal <pos$cmp_gt0000> created at line 45.
    Found 8-bit comparator less for signal <pos$cmp_lt0000> created at line 42.
    Summary:
	inferred   1 Counter(s).
	inferred   2 Comparator(s).
Unit <contador_8bits> synthesized.


Synthesizing Unit <servo_pwm>.
    Related source file is "servo_pwm.v".
WARNING:Xst:646 - Signal <count> is assigned but never used. This unconnected signal will be trimmed during the optimization process.
    Found 8-bit register for signal <servo_pulse>.
    Found 8-bit up counter for signal <ClkCount>.
    Found 1-bit register for signal <ClkTick>.
    Found 12-bit adder for signal <old_count_5$addsub0000> created at line 34.
    Found 13-bit up counter for signal <PulseCount>.
    Found 13-bit comparator less for signal <servo_pulse$cmp_lt0000> created at line 35.
    Summary:
	inferred   2 Counter(s).
	inferred   9 D-type flip-flop(s).
	inferred   2 Adder/Subtractor(s).
	inferred   1 Comparator(s).
Unit <servo_pwm> synthesized.


Synthesizing Unit <btn_clk_divider>.
    Related source file is "btn_clk_divider.v".
    Found 1-bit register for signal <out>.
    Found 19-bit up counter for signal <count>.
    Summary:
	inferred   1 Counter(s).
	inferred   1 D-type flip-flop(s).
Unit <btn_clk_divider> synthesized.


Synthesizing Unit <SevenSeg>.
    Related source file is "SevenSeg.v".
Unit <SevenSeg> synthesized.


Synthesizing Unit <debouncers>.
    Related source file is "debouncers.v".
Unit <debouncers> synthesized.


Synthesizing Unit <btn_controller>.
    Related source file is "btn_controller.v".
Unit <btn_controller> synthesized.


Synthesizing Unit <servo_controller>.
    Related source file is "servo_controller.v".
Unit <servo_controller> synthesized.


Synthesizing Unit <main>.
    Related source file is "main.v".
Unit <main> synthesized.


=========================================================================
HDL Synthesis Report

Macro Statistics
# ROMs                                                 : 1
 16x8-bit ROM                                          : 1
# Adders/Subtractors                                   : 37
 12-bit adder                                          : 10
 16-bit adder                                          : 1
 4-bit adder                                           : 26
# Counters                                             : 33
 13-bit up counter                                     : 5
 16-bit up counter                                     : 3
 19-bit up counter                                     : 15
 8-bit up counter                                      : 5
 8-bit updown counter                                  : 5
# Registers                                            : 34
 1-bit register                                        : 26
 4-bit register                                        : 1
 7-bit register                                        : 1
 8-bit register                                        : 6
# Comparators                                          : 45
 13-bit comparator less                                : 5
 16-bit comparator greatequal                          : 1
 16-bit comparator lessequal                           : 3
 4-bit comparator greater                              : 26
 8-bit comparator greater                              : 5
 8-bit comparator less                                 : 5
# Xors                                                 : 2
 1-bit xor2                                            : 2

=========================================================================

=========================================================================
*                       Advanced HDL Synthesis                          *
=========================================================================

INFO:Xst:2261 - The FF/Latch <servo_pulse_1> in Unit <servo_pwm> is equivalent to the following 6 FFs/Latches, which will be removed : <servo_pulse_2> <servo_pulse_3> <servo_pulse_4> <servo_pulse_5> <servo_pulse_6> <servo_pulse_7> 
INFO:Xst:2261 - The FF/Latch <servo_pulse_1> in Unit <servo_pwm> is equivalent to the following 6 FFs/Latches, which will be removed : <servo_pulse_2> <servo_pulse_3> <servo_pulse_4> <servo_pulse_5> <servo_pulse_6> <servo_pulse_7> 
INFO:Xst:2261 - The FF/Latch <servo_pulse_1> in Unit <servo_pwm> is equivalent to the following 6 FFs/Latches, which will be removed : <servo_pulse_2> <servo_pulse_3> <servo_pulse_4> <servo_pulse_5> <servo_pulse_6> <servo_pulse_7> 
INFO:Xst:2261 - The FF/Latch <servo_pulse_1> in Unit <servo_pwm> is equivalent to the following 6 FFs/Latches, which will be removed : <servo_pulse_2> <servo_pulse_3> <servo_pulse_4> <servo_pulse_5> <servo_pulse_6> <servo_pulse_7> 
INFO:Xst:2261 - The FF/Latch <servo_pulse_1> in Unit <servo_pwm> is equivalent to the following 6 FFs/Latches, which will be removed : <servo_pulse_2> <servo_pulse_3> <servo_pulse_4> <servo_pulse_5> <servo_pulse_6> <servo_pulse_7> 
WARNING:Xst:1710 - FF/Latch <sseg_4> (without init value) has a constant value of 0 in block <BCDTo7Seg>. This FF/Latch will be trimmed during the optimization process.
WARNING:Xst:1710 - FF/Latch <sseg_5> (without init value) has a constant value of 0 in block <BCDTo7Seg>. This FF/Latch will be trimmed during the optimization process.
WARNING:Xst:1710 - FF/Latch <sseg_6> (without init value) has a constant value of 0 in block <BCDTo7Seg>. This FF/Latch will be trimmed during the optimization process.
WARNING:Xst:2677 - Node <servo_pulse_1> of sequential type is unconnected in block <servo_pwm>.
WARNING:Xst:2677 - Node <servo_pulse_1> of sequential type is unconnected in block <servo_pwm>.
WARNING:Xst:2677 - Node <servo_pulse_1> of sequential type is unconnected in block <servo_pwm>.
WARNING:Xst:2677 - Node <servo_pulse_1> of sequential type is unconnected in block <servo_pwm>.
WARNING:Xst:2677 - Node <servo_pulse_1> of sequential type is unconnected in block <servo_pwm>.
WARNING:Xst:2404 -  FFs/Latches <servo_pulse<7:1>> (without init value) have a constant value of 0 in block <servo_pwm>.

=========================================================================
Advanced HDL Synthesis Report

Macro Statistics
# ROMs                                                 : 1
 16x8-bit ROM                                          : 1
# Adders/Subtractors                                   : 37
 12-bit adder                                          : 10
 16-bit adder                                          : 1
 3-bit adder                                           : 2
 4-bit adder                                           : 24
# Counters                                             : 33
 13-bit up counter                                     : 5
 16-bit up counter                                     : 3
 19-bit up counter                                     : 15
 8-bit up counter                                      : 5
 8-bit updown counter                                  : 5
# Registers                                            : 50
 Flip-Flops                                            : 50
# Comparators                                          : 45
 13-bit comparator less                                : 5
 16-bit comparator greatequal                          : 1
 16-bit comparator lessequal                           : 3
 4-bit comparator greater                              : 26
 8-bit comparator greater                              : 5
 8-bit comparator less                                 : 5
# Xors                                                 : 2
 1-bit xor2                                            : 2

=========================================================================

=========================================================================
*                         Low Level Synthesis                           *
=========================================================================
WARNING:Xst:1710 - FF/Latch <sseg_4> (without init value) has a constant value of 0 in block <seven_seg>. This FF/Latch will be trimmed during the optimization process.
WARNING:Xst:1895 - Due to other FF/Latch trimming, FF/Latch <sseg_5> (without init value) has a constant value of 0 in block <seven_seg>. This FF/Latch will be trimmed during the optimization process.
WARNING:Xst:1895 - Due to other FF/Latch trimming, FF/Latch <sseg_6> (without init value) has a constant value of 0 in block <seven_seg>. This FF/Latch will be trimmed during the optimization process.
WARNING:Xst:1710 - FF/Latch <seg_7> (without init value) has a constant value of 1 in block <seven_seg>. This FF/Latch will be trimmed during the optimization process.

Optimizing unit <main> ...

Optimizing unit <bcd> ...

Optimizing unit <seven_seg> ...

Optimizing unit <debouncer> ...

Optimizing unit <servo_pwm> ...

Mapping all equations...
Building and optimizing final netlist ...
Found area constraint ratio of 100 (+ 5) on block main, actual ratio is 56.

Final Macro Processing ...

Processing Unit <main> :
	Found 2-bit shift register for signal <debounce/debouncer0/PB_sync_1>.
	Found 2-bit shift register for signal <debounce/debouncer1/PB_sync_1>.
Unit <main> processed.

=========================================================================
Final Register Report

Macro Statistics
# Registers                                            : 520
 Flip-Flops                                            : 520
# Shift Registers                                      : 2
 2-bit shift register                                  : 2

=========================================================================

=========================================================================
*                           Partition Report                            *
=========================================================================

Partition Implementation Status
-------------------------------

  No Partitions were found in this design.

-------------------------------

=========================================================================
*                            Final Report                               *
=========================================================================
Final Results
RTL Top Level Output File Name     : main.ngr
Top Level Output File Name         : main
Output Format                      : NGC
Optimization Goal                  : Speed
Keep Hierarchy                     : No

Design Statistics
# IOs                              : 25

Cell Usage :
# BELS                             : 2061
#      GND                         : 1
#      INV                         : 57
#      LUT1                        : 433
#      LUT2                        : 77
#      LUT2_L                      : 1
#      LUT3                        : 65
#      LUT3_L                      : 1
#      LUT4                        : 287
#      LUT4_L                      : 1
#      MUXCY                       : 629
#      MUXF5                       : 14
#      VCC                         : 1
#      XORCY                       : 494
# FlipFlops/Latches                : 522
#      FD                          : 33
#      FDE                         : 42
#      FDR                         : 362
#      FDRE                        : 81
#      FDS                         : 1
#      FDSE                        : 3
# Shift Registers                  : 2
#      SRL16                       : 2
# Clock Buffers                    : 1
#      BUFGP                       : 1
# IO Buffers                       : 24
#      IBUF                        : 7
#      OBUF                        : 17
=========================================================================

Device utilization summary:
---------------------------

Selected Device : 3s100ecp132-5 

 Number of Slices:                      494  out of    960    51%  
 Number of Slice Flip Flops:            522  out of   1920    27%  
 Number of 4 input LUTs:                924  out of   1920    48%  
    Number used as logic:               922
    Number used as Shift registers:       2
 Number of IOs:                          25
 Number of bonded IOBs:                  25  out of     83    30%  
 Number of GCLKs:                         1  out of     24     4%  

---------------------------
Partition Resource Summary:
---------------------------

  No Partitions were found in this design.

---------------------------


=========================================================================
TIMING REPORT

NOTE: THESE TIMING NUMBERS ARE ONLY A SYNTHESIS ESTIMATE.
      FOR ACCURATE TIMING INFORMATION PLEASE REFER TO THE TRACE REPORT
      GENERATED AFTER PLACE-and-ROUTE.

Clock Information:
------------------
--------------------------------------+---------------------------------------------+-------+
Clock Signal                          | Clock buffer(FF name)                       | Load  |
--------------------------------------+---------------------------------------------+-------+
clk                                   | BUFGP                                       | 484   |
servo_controller5/btn_clk_dividerP/out| NONE(servo_controller5/contador_8bits/pos_0)| 8     |
servo_controller4/btn_clk_dividerP/out| NONE(servo_controller4/contador_8bits/pos_0)| 8     |
servo_controller3/btn_clk_dividerP/out| NONE(servo_controller3/contador_8bits/pos_0)| 8     |
servo_controller2/btn_clk_dividerP/out| NONE(servo_controller2/contador_8bits/pos_0)| 8     |
servo_controller1/btn_clk_dividerP/out| NONE(servo_controller1/contador_8bits/pos_0)| 8     |
--------------------------------------+---------------------------------------------+-------+
INFO:Xst:2169 - HDL ADVISOR - Some clock signals were not automatically buffered by XST with BUFG/BUFR resources. Please use the buffer_type constraint in order to insert these buffers to the clock signals to help prevent skew problems.

Asynchronous Control Signals Information:
----------------------------------------
No asynchronous control signals found in this design

Timing Summary:
---------------
Speed Grade: -5

   Minimum period: 9.961ns (Maximum Frequency: 100.393MHz)
   Minimum input arrival time before clock: 15.291ns
   Maximum output required time after clock: 4.040ns
   Maximum combinational path delay: No path found

Timing Detail:
--------------
All values displayed in nanoseconds (ns)

=========================================================================
Timing constraint: Default period analysis for Clock 'clk'
  Clock period: 9.961ns (frequency: 100.393MHz)
  Total number of paths / destination ports: 39485 / 1004
-------------------------------------------------------------------------
Delay:               9.961ns (Levels of Logic = 22)
  Source:            SevenSeg/BCDTo7Seg/disp_ctr_1 (FF)
  Destination:       SevenSeg/BCDTo7Seg/seg_6 (FF)
  Source Clock:      clk rising
  Destination Clock: clk rising

  Data Path: SevenSeg/BCDTo7Seg/disp_ctr_1 to SevenSeg/BCDTo7Seg/seg_6
                                Gate     Net
    Cell:in->out      fanout   Delay   Delay  Logical Name (Net Name)
    ----------------------------------------  ------------
     FD:C->Q               2   0.514   0.532  SevenSeg/BCDTo7Seg/disp_ctr_1 (SevenSeg/BCDTo7Seg/disp_ctr_1)
     LUT1:I0->O            1   0.612   0.000  SevenSeg/BCDTo7Seg/Madd__old_disp_ctr_1_cy<1>_rt (SevenSeg/BCDTo7Seg/Madd__old_disp_ctr_1_cy<1>_rt)
     MUXCY:S->O            1   0.404   0.000  SevenSeg/BCDTo7Seg/Madd__old_disp_ctr_1_cy<1> (SevenSeg/BCDTo7Seg/Madd__old_disp_ctr_1_cy<1>)
     MUXCY:CI->O           1   0.051   0.000  SevenSeg/BCDTo7Seg/Madd__old_disp_ctr_1_cy<2> (SevenSeg/BCDTo7Seg/Madd__old_disp_ctr_1_cy<2>)
     MUXCY:CI->O           1   0.051   0.000  SevenSeg/BCDTo7Seg/Madd__old_disp_ctr_1_cy<3> (SevenSeg/BCDTo7Seg/Madd__old_disp_ctr_1_cy<3>)
     MUXCY:CI->O           1   0.051   0.000  SevenSeg/BCDTo7Seg/Madd__old_disp_ctr_1_cy<4> (SevenSeg/BCDTo7Seg/Madd__old_disp_ctr_1_cy<4>)
     MUXCY:CI->O           1   0.051   0.000  SevenSeg/BCDTo7Seg/Madd__old_disp_ctr_1_cy<5> (SevenSeg/BCDTo7Seg/Madd__old_disp_ctr_1_cy<5>)
     MUXCY:CI->O           1   0.051   0.000  SevenSeg/BCDTo7Seg/Madd__old_disp_ctr_1_cy<6> (SevenSeg/BCDTo7Seg/Madd__old_disp_ctr_1_cy<6>)
     MUXCY:CI->O           1   0.051   0.000  SevenSeg/BCDTo7Seg/Madd__old_disp_ctr_1_cy<7> (SevenSeg/BCDTo7Seg/Madd__old_disp_ctr_1_cy<7>)
     MUXCY:CI->O           1   0.051   0.000  SevenSeg/BCDTo7Seg/Madd__old_disp_ctr_1_cy<8> (SevenSeg/BCDTo7Seg/Madd__old_disp_ctr_1_cy<8>)
     MUXCY:CI->O           1   0.051   0.000  SevenSeg/BCDTo7Seg/Madd__old_disp_ctr_1_cy<9> (SevenSeg/BCDTo7Seg/Madd__old_disp_ctr_1_cy<9>)
     MUXCY:CI->O           1   0.051   0.000  SevenSeg/BCDTo7Seg/Madd__old_disp_ctr_1_cy<10> (SevenSeg/BCDTo7Seg/Madd__old_disp_ctr_1_cy<10>)
     MUXCY:CI->O           1   0.051   0.000  SevenSeg/BCDTo7Seg/Madd__old_disp_ctr_1_cy<11> (SevenSeg/BCDTo7Seg/Madd__old_disp_ctr_1_cy<11>)
     MUXCY:CI->O           1   0.051   0.000  SevenSeg/BCDTo7Seg/Madd__old_disp_ctr_1_cy<12> (SevenSeg/BCDTo7Seg/Madd__old_disp_ctr_1_cy<12>)
     MUXCY:CI->O           1   0.051   0.000  SevenSeg/BCDTo7Seg/Madd__old_disp_ctr_1_cy<13> (SevenSeg/BCDTo7Seg/Madd__old_disp_ctr_1_cy<13>)
     MUXCY:CI->O           0   0.051   0.000  SevenSeg/BCDTo7Seg/Madd__old_disp_ctr_1_cy<14> (SevenSeg/BCDTo7Seg/Madd__old_disp_ctr_1_cy<14>)
     XORCY:CI->O           4   0.699   0.651  SevenSeg/BCDTo7Seg/Madd__old_disp_ctr_1_xor<15> (SevenSeg/BCDTo7Seg/_old_disp_ctr_1<15>)
     LUT1:I0->O            1   0.612   0.000  SevenSeg/BCDTo7Seg/Mcompar_old_sseg_2_cmp_le0000_cy<7>_rt (SevenSeg/BCDTo7Seg/Mcompar_old_sseg_2_cmp_le0000_cy<7>_rt)
     MUXCY:S->O            5   0.752   0.690  SevenSeg/BCDTo7Seg/Mcompar_old_sseg_2_cmp_le0000_cy<7> (SevenSeg/BCDTo7Seg/old_sseg_2_cmp_le0002)
     LUT3_L:I0->LO         1   0.612   0.103  SevenSeg/BCDTo7Seg/_old_sseg_2<0>251 (SevenSeg/BCDTo7Seg/_old_sseg_2<0>251)
     LUT4:I3->O            1   0.612   0.360  SevenSeg/BCDTo7Seg/_old_sseg_2<0>311_SW0 (N22)
     LUT4:I3->O            8   0.612   0.646  SevenSeg/BCDTo7Seg/_old_sseg_2<0>311 (SevenSeg/BCDTo7Seg/_old_sseg_2<0>)
     LUT4:I3->O            1   0.612   0.000  SevenSeg/BCDTo7Seg/Mrom_seg_mux000121 (SevenSeg/BCDTo7Seg/Mrom_seg_mux00012)
     FD:D                      0.268          SevenSeg/BCDTo7Seg/seg_2
    ----------------------------------------
    Total                      9.961ns (6.979ns logic, 2.982ns route)
                                       (70.1% logic, 29.9% route)

=========================================================================
Timing constraint: Default period analysis for Clock 'servo_controller5/btn_clk_dividerP/out'
  Clock period: 5.504ns (frequency: 181.681MHz)
  Total number of paths / destination ports: 544 / 16
-------------------------------------------------------------------------
Delay:               5.504ns (Levels of Logic = 3)
  Source:            servo_controller5/contador_8bits/pos_5 (FF)
  Destination:       servo_controller5/contador_8bits/pos_0 (FF)
  Source Clock:      servo_controller5/btn_clk_dividerP/out rising
  Destination Clock: servo_controller5/btn_clk_dividerP/out rising

  Data Path: servo_controller5/contador_8bits/pos_5 to servo_controller5/contador_8bits/pos_0
                                Gate     Net
    Cell:in->out      fanout   Delay   Delay  Logical Name (Net Name)
    ----------------------------------------  ------------
     FDE:C->Q              9   0.514   0.849  servo_controller5/contador_8bits/pos_5 (servo_controller5/contador_8bits/pos_5)
     LUT4:I0->O           10   0.612   0.819  servo_controller5/contador_8bits/pos_and000012 (servo_controller5/contador_8bits/pos_and000012)
     LUT3:I1->O            1   0.612   0.360  servo_controller5/contador_8bits/pos_and000038 (servo_controller5/contador_8bits/pos_and0000)
     LUT4:I3->O            8   0.612   0.643  servo_controller5/contador_8bits/pos_not000127 (servo_controller5/contador_8bits/pos_not0001)
     FDE:CE                    0.483          servo_controller5/contador_8bits/pos_0
    ----------------------------------------
    Total                      5.504ns (2.833ns logic, 2.671ns route)
                                       (51.5% logic, 48.5% route)

=========================================================================
Timing constraint: Default period analysis for Clock 'servo_controller4/btn_clk_dividerP/out'
  Clock period: 5.504ns (frequency: 181.681MHz)
  Total number of paths / destination ports: 544 / 16
-------------------------------------------------------------------------
Delay:               5.504ns (Levels of Logic = 3)
  Source:            servo_controller4/contador_8bits/pos_5 (FF)
  Destination:       servo_controller4/contador_8bits/pos_0 (FF)
  Source Clock:      servo_controller4/btn_clk_dividerP/out rising
  Destination Clock: servo_controller4/btn_clk_dividerP/out rising

  Data Path: servo_controller4/contador_8bits/pos_5 to servo_controller4/contador_8bits/pos_0
                                Gate     Net
    Cell:in->out      fanout   Delay   Delay  Logical Name (Net Name)
    ----------------------------------------  ------------
     FDE:C->Q              9   0.514   0.849  servo_controller4/contador_8bits/pos_5 (servo_controller4/contador_8bits/pos_5)
     LUT4:I0->O           10   0.612   0.819  servo_controller4/contador_8bits/pos_and000012 (servo_controller4/contador_8bits/pos_and000012)
     LUT3:I1->O            1   0.612   0.360  servo_controller4/contador_8bits/pos_and000038 (servo_controller4/contador_8bits/pos_and0000)
     LUT4:I3->O            8   0.612   0.643  servo_controller4/contador_8bits/pos_not000127 (servo_controller4/contador_8bits/pos_not0001)
     FDE:CE                    0.483          servo_controller4/contador_8bits/pos_0
    ----------------------------------------
    Total                      5.504ns (2.833ns logic, 2.671ns route)
                                       (51.5% logic, 48.5% route)

=========================================================================
Timing constraint: Default period analysis for Clock 'servo_controller3/btn_clk_dividerP/out'
  Clock period: 5.504ns (frequency: 181.681MHz)
  Total number of paths / destination ports: 544 / 16
-------------------------------------------------------------------------
Delay:               5.504ns (Levels of Logic = 3)
  Source:            servo_controller3/contador_8bits/pos_5 (FF)
  Destination:       servo_controller3/contador_8bits/pos_0 (FF)
  Source Clock:      servo_controller3/btn_clk_dividerP/out rising
  Destination Clock: servo_controller3/btn_clk_dividerP/out rising

  Data Path: servo_controller3/contador_8bits/pos_5 to servo_controller3/contador_8bits/pos_0
                                Gate     Net
    Cell:in->out      fanout   Delay   Delay  Logical Name (Net Name)
    ----------------------------------------  ------------
     FDE:C->Q              9   0.514   0.849  servo_controller3/contador_8bits/pos_5 (servo_controller3/contador_8bits/pos_5)
     LUT4:I0->O           10   0.612   0.819  servo_controller3/contador_8bits/pos_and000012 (servo_controller3/contador_8bits/pos_and000012)
     LUT3:I1->O            1   0.612   0.360  servo_controller3/contador_8bits/pos_and000038 (servo_controller3/contador_8bits/pos_and0000)
     LUT4:I3->O            8   0.612   0.643  servo_controller3/contador_8bits/pos_not000127 (servo_controller3/contador_8bits/pos_not0001)
     FDE:CE                    0.483          servo_controller3/contador_8bits/pos_0
    ----------------------------------------
    Total                      5.504ns (2.833ns logic, 2.671ns route)
                                       (51.5% logic, 48.5% route)

=========================================================================
Timing constraint: Default period analysis for Clock 'servo_controller2/btn_clk_dividerP/out'
  Clock period: 5.504ns (frequency: 181.681MHz)
  Total number of paths / destination ports: 544 / 16
-------------------------------------------------------------------------
Delay:               5.504ns (Levels of Logic = 3)
  Source:            servo_controller2/contador_8bits/pos_5 (FF)
  Destination:       servo_controller2/contador_8bits/pos_0 (FF)
  Source Clock:      servo_controller2/btn_clk_dividerP/out rising
  Destination Clock: servo_controller2/btn_clk_dividerP/out rising

  Data Path: servo_controller2/contador_8bits/pos_5 to servo_controller2/contador_8bits/pos_0
                                Gate     Net
    Cell:in->out      fanout   Delay   Delay  Logical Name (Net Name)
    ----------------------------------------  ------------
     FDE:C->Q              9   0.514   0.849  servo_controller2/contador_8bits/pos_5 (servo_controller2/contador_8bits/pos_5)
     LUT4:I0->O           10   0.612   0.819  servo_controller2/contador_8bits/pos_and000012 (servo_controller2/contador_8bits/pos_and000012)
     LUT3:I1->O            1   0.612   0.360  servo_controller2/contador_8bits/pos_and000038 (servo_controller2/contador_8bits/pos_and0000)
     LUT4:I3->O            8   0.612   0.643  servo_controller2/contador_8bits/pos_not000127 (servo_controller2/contador_8bits/pos_not0001)
     FDE:CE                    0.483          servo_controller2/contador_8bits/pos_0
    ----------------------------------------
    Total                      5.504ns (2.833ns logic, 2.671ns route)
                                       (51.5% logic, 48.5% route)

=========================================================================
Timing constraint: Default period analysis for Clock 'servo_controller1/btn_clk_dividerP/out'
  Clock period: 5.504ns (frequency: 181.681MHz)
  Total number of paths / destination ports: 544 / 16
-------------------------------------------------------------------------
Delay:               5.504ns (Levels of Logic = 3)
  Source:            servo_controller1/contador_8bits/pos_5 (FF)
  Destination:       servo_controller1/contador_8bits/pos_0 (FF)
  Source Clock:      servo_controller1/btn_clk_dividerP/out rising
  Destination Clock: servo_controller1/btn_clk_dividerP/out rising

  Data Path: servo_controller1/contador_8bits/pos_5 to servo_controller1/contador_8bits/pos_0
                                Gate     Net
    Cell:in->out      fanout   Delay   Delay  Logical Name (Net Name)
    ----------------------------------------  ------------
     FDE:C->Q              9   0.514   0.849  servo_controller1/contador_8bits/pos_5 (servo_controller1/contador_8bits/pos_5)
     LUT4:I0->O           10   0.612   0.819  servo_controller1/contador_8bits/pos_and000012 (servo_controller1/contador_8bits/pos_and000012)
     LUT3:I1->O            1   0.612   0.360  servo_controller1/contador_8bits/pos_and000038 (servo_controller1/contador_8bits/pos_and0000)
     LUT4:I3->O            8   0.612   0.643  servo_controller1/contador_8bits/pos_not000127 (servo_controller1/contador_8bits/pos_not0001)
     FDE:CE                    0.483          servo_controller1/contador_8bits/pos_0
    ----------------------------------------
    Total                      5.504ns (2.833ns logic, 2.671ns route)
                                       (51.5% logic, 48.5% route)

=========================================================================
Timing constraint: Default OFFSET IN BEFORE for Clock 'clk'
  Total number of paths / destination ports: 30970 / 214
-------------------------------------------------------------------------
Offset:              15.291ns (Levels of Logic = 13)
  Source:            sw<3> (PAD)
  Destination:       SevenSeg/BCDTo7Seg/seg_6 (FF)
  Destination Clock: clk rising

  Data Path: sw<3> to SevenSeg/BCDTo7Seg/seg_6
                                Gate     Net
    Cell:in->out      fanout   Delay   Delay  Logical Name (Net Name)
    ----------------------------------------  ------------
     IBUF:I->O            12   1.106   0.969  sw_3_IBUF (sw_3_IBUF)
     LUT4:I0->O            1   0.612   0.426  pos_out<3>136_SW0 (N44)
     LUT4:I1->O            1   0.612   0.426  pos_out<3>136 (pos_out<3>136)
     LUT4:I1->O           21   0.612   1.111  pos_out<3>175 (pos_out<3>)
     LUT4:I0->O            3   0.612   0.520  SevenSeg/decToBCD/memreg_mux0070_SW1 (N11)
     LUT3:I1->O            9   0.612   0.700  SevenSeg/decToBCD/memreg_mux0070 (SevenSeg/decToBCD/Madd__add0021_lut<2>)
     LUT4:I3->O            1   0.612   0.000  SevenSeg/decToBCD/memreg_mux00841 (SevenSeg/decToBCD/memreg_mux0084)
     MUXF5:I1->O           6   0.278   0.638  SevenSeg/decToBCD/memreg_mux0084_f5 (SevenSeg/decToBCD/Madd__add0024_cy<0>)
     LUT4:I1->O            1   0.612   0.509  SevenSeg/BCDTo7Seg/_old_sseg_2<2>83 (SevenSeg/BCDTo7Seg/_old_sseg_2<2>83)
     LUT4:I0->O            1   0.612   0.509  SevenSeg/BCDTo7Seg/_old_sseg_2<2>121 (SevenSeg/BCDTo7Seg/_old_sseg_2<2>121)
     LUT4:I0->O            1   0.612   0.387  SevenSeg/BCDTo7Seg/_old_sseg_2<2>203 (SevenSeg/BCDTo7Seg/_old_sseg_2<2>203)
     LUT4:I2->O            8   0.612   0.712  SevenSeg/BCDTo7Seg/_old_sseg_2<2>255 (SevenSeg/BCDTo7Seg/_old_sseg_2<2>)
     LUT4:I1->O            1   0.612   0.000  SevenSeg/BCDTo7Seg/Mrom_seg_mux000151 (SevenSeg/BCDTo7Seg/Mrom_seg_mux00015)
     FD:D                      0.268          SevenSeg/BCDTo7Seg/seg_5
    ----------------------------------------
    Total                     15.291ns (8.384ns logic, 6.907ns route)
                                       (54.8% logic, 45.2% route)

=========================================================================
Timing constraint: Default OFFSET OUT AFTER for Clock 'clk'
  Total number of paths / destination ports: 16 / 16
-------------------------------------------------------------------------
Offset:              4.040ns (Levels of Logic = 1)
  Source:            servo_controller1/servo_pwm/servo_pulse (FF)
  Destination:       servo1 (PAD)
  Source Clock:      clk rising

  Data Path: servo_controller1/servo_pwm/servo_pulse to servo1
                                Gate     Net
    Cell:in->out      fanout   Delay   Delay  Logical Name (Net Name)
    ----------------------------------------  ------------
     FDR:C->Q              1   0.514   0.357  servo_controller1/servo_pwm/servo_pulse (servo_controller1/servo_pwm/servo_pulse)
     OBUF:I->O                 3.169          servo1_OBUF (servo1)
    ----------------------------------------
    Total                      4.040ns (3.683ns logic, 0.357ns route)
                                       (91.2% logic, 8.8% route)

=========================================================================


Total REAL time to Xst completion: 9.00 secs
Total CPU time to Xst completion: 8.93 secs
 
--> 

Total memory usage is 279404 kilobytes

Number of errors   :    0 (   0 filtered)
Number of warnings :   26 (   0 filtered)
Number of infos    :    6 (   0 filtered)

